<?xml version="1.0" encoding="UTF-8"?>
<robot generator="Robot 6.0.2 (Python 3.10.9 on win32)" generated="20230609 13:47:49.179" rpa="false" schemaversion="3">
<suite id="s1" name="Final Challenge" source="C:\Users\Miguel\Desktop\Projects\my_super_website\tests\Tests\Final_Challenge.robot">
<test id="s1-t1" name="RFW - Final Challenge" line="7">
<kw name="Open Browser and Load Site" library="Final_Challenge_Actions">
<kw name="Open Browser" library="SeleniumLibrary">
<arg>${URL}</arg>
<arg>${BROWSER}</arg>
<arg>options=${BROWSER_OPTIONS}</arg>
<doc>Opens a new browser instance to the optional ``url``.</doc>
<msg timestamp="20230609 13:47:49.431" level="INFO">Opening browser 'chrome' to base url 'http://127.0.0.1:5500/my_super_website/index.html'.</msg>
<msg timestamp="20230609 13:47:49.434" level="INFO">Cannot capture screenshot because no browser is open.</msg>
<msg timestamp="20230609 13:47:49.434" level="FAIL">TypeError: WebDriver.__init__() got an unexpected keyword argument 'service_log_path'</msg>
<status status="FAIL" starttime="20230609 13:47:49.430" endtime="20230609 13:47:49.435"/>
</kw>
<kw name="Wait Until Page Contains Element" library="SeleniumLibrary">
<arg>${DIV_WELCOME_SCREEN}</arg>
<doc>Waits until the element ``locator`` appears on the current page.</doc>
<status status="NOT RUN" starttime="20230609 13:47:49.435" endtime="20230609 13:47:49.435"/>
</kw>
<kw name="Wait Until Page Contains Element" library="SeleniumLibrary">
<arg>${SECTION_ABOUT_ME}</arg>
<doc>Waits until the element ``locator`` appears on the current page.</doc>
<status status="NOT RUN" starttime="20230609 13:47:49.435" endtime="20230609 13:47:49.436"/>
</kw>
<kw name="Wait Until Page Contains Element" library="SeleniumLibrary">
<arg>${SECTION_SKILLS}</arg>
<doc>Waits until the element ``locator`` appears on the current page.</doc>
<status status="NOT RUN" starttime="20230609 13:47:49.436" endtime="20230609 13:47:49.436"/>
</kw>
<kw name="Wait Until Page Contains Element" library="SeleniumLibrary">
<arg>${SECTION_FAQ}</arg>
<doc>Waits until the element ``locator`` appears on the current page.</doc>
<status status="NOT RUN" starttime="20230609 13:47:49.436" endtime="20230609 13:47:49.436"/>
</kw>
<kw name="Maximize Browser Window" library="SeleniumLibrary">
<doc>Maximizes current browser window.</doc>
<status status="NOT RUN" starttime="20230609 13:47:49.436" endtime="20230609 13:47:49.436"/>
</kw>
<status status="FAIL" starttime="20230609 13:47:49.430" endtime="20230609 13:47:49.436"/>
</kw>
<tag>E2E</tag>
<tag>FinalChallenge</tag>
<status status="FAIL" starttime="20230609 13:47:49.429" endtime="20230609 13:47:49.436">TypeError: WebDriver.__init__() got an unexpected keyword argument 'service_log_path'</status>
</test>
<doc>RFW Training - Final Challenge Test File
robot -d ..Results Final_Challenge.robot</doc>
<status status="FAIL" starttime="20230609 13:47:49.181" endtime="20230609 13:47:49.438"/>
</suite>
<statistics>
<total>
<stat pass="0" fail="1" skip="0">All Tests</stat>
</total>
<tag>
<stat pass="0" fail="1" skip="0">E2E</stat>
<stat pass="0" fail="1" skip="0">FinalChallenge</stat>
</tag>
<suite>
<stat pass="0" fail="1" skip="0" id="s1" name="Final Challenge">Final Challenge</stat>
</suite>
</statistics>
<errors>
</errors>
</robot>
